<?xml version="1.0" encoding="UTF-8"?>
<!-- Generated by org.testng.reporters.JUnitReportReporter -->
<testsuite hostname="XTRACAP-82" failures="0" tests="2" name="Batch_Testing.LoginTest" time="0.005" errors="0" timestamp="2024-07-20T11:24:28 IST" skipped="0">
  <testcase classname="Batch_Testing.LoginTest" name="LoginByEmail" time="0.002"/>
  <testcase classname="Batch_Testing.LoginTest" name="LoginByMobileNumbber" time="0.003"/>
</testsuite> <!-- Batch_Testing.LoginTest -->
