<?xml version="1.0" encoding="UTF-8"?>
<!-- Generated by org.testng.reporters.JUnitReportReporter -->
<testsuite hostname="XTRACAP-82" failures="0" tests="3" name="Batch_Testing.ProductPageTest" time="0.015" errors="0" timestamp="2024-07-20T11:07:17 IST" skipped="0">
  <testcase classname="Batch_Testing.ProductPageTest" name="SelectQuantity" time="0.003"/>
  <testcase classname="Batch_Testing.ProductPageTest" name="AddToCart" time="0.009"/>
  <testcase classname="Batch_Testing.ProductPageTest" name="AddToWishlist" time="0.003"/>
</testsuite> <!-- Batch_Testing.ProductPageTest -->
