<?xml version="1.0" encoding="UTF-8"?>
<!-- Generated by org.testng.reporters.JUnitReportReporter -->
<testsuite hostname="XTRACAP-82" failures="0" tests="2" name="Tngg.TNG_grouping" time="0.025" errors="0" timestamp="2024-07-10T21:50:19 IST" skipped="0">
  <testcase classname="Tngg.TNG_grouping" name="skoda" time="0.009"/>
  <testcase classname="Tngg.TNG_grouping" name="maruti" time="0.016"/>
</testsuite> <!-- Tngg.TNG_grouping -->
