<?xml version="1.0" encoding="UTF-8"?>
<!-- Generated by org.testng.reporters.JUnitReportReporter -->
<testsuite hostname="XTRACAP-82" failures="0" tests="3" name="Tngg.TNG_parameter" time="0.012" errors="0" timestamp="2024-07-10T22:18:08 IST" skipped="0">
  <testcase classname="Tngg.TNG_parameter" name="multiple" time="0.002"/>
  <testcase classname="Tngg.TNG_parameter" name="add" time="0.008"/>
  <testcase classname="Tngg.TNG_parameter" name="sub" time="0.002"/>
</testsuite> <!-- Tngg.TNG_parameter -->
