<?xml version="1.0" encoding="UTF-8"?>
<!-- Generated by org.testng.reporters.JUnitReportReporter -->
<testsuite hostname="XTRACAP-82" failures="0" tests="2" name="paack1.DataProviderDemo" time="17.272" errors="0" timestamp="2024-07-27T19:09:37 IST" skipped="0">
  <testcase classname="paack1.DataProviderDemo" name="searchKey" time="6.980"/>
  <testcase classname="paack1.DataProviderDemo" name="searchKey" time="10.292"/>
</testsuite> <!-- paack1.DataProviderDemo -->
