<?xml version="1.0" encoding="UTF-8"?>
<!-- Generated by org.testng.reporters.JUnitReportReporter -->
<testsuite hostname="XTRACAP-82" failures="0" tests="1" name="Tngg.TNG_parameter2$TNG_parameter1" time="0.007" errors="0" timestamp="2024-07-10T22:35:25 IST" skipped="0">
  <testcase classname="Tngg.TNG_parameter2$TNG_parameter1" name="testcase2" time="0.007"/>
</testsuite> <!-- Tngg.TNG_parameter2$TNG_parameter1 -->
