<?xml version="1.0" encoding="UTF-8"?>
<!-- Generated by org.testng.reporters.JUnitReportReporter -->
<testsuite hostname="XTRACAP-82" failures="0" tests="3" name="Batch_Testing.HomeSeceenTest" time="0.015" errors="0" timestamp="2024-07-20T11:24:28 IST" skipped="0">
  <testcase classname="Batch_Testing.HomeSeceenTest" name="VerifyTitle" time="0.003"/>
  <testcase classname="Batch_Testing.HomeSeceenTest" name="LaunchApp" time="0.007"/>
  <testcase classname="Batch_Testing.HomeSeceenTest" name="VerifyLogo" time="0.005"/>
</testsuite> <!-- Batch_Testing.HomeSeceenTest -->
