<?xml version="1.0" encoding="UTF-8"?>
<!-- Generated by org.testng.reporters.JUnitReportReporter -->
<testsuite hostname="XTRACAP-82" failures="0" tests="2" name="CrossBrowsertesting.CrossBrowserDemo" time="12.332" errors="0" timestamp="2024-07-21T16:26:42 IST" skipped="0">
  <testcase classname="CrossBrowsertesting.CrossBrowserDemo" name="VerifyTitle" time="6.645"/>
  <testcase classname="CrossBrowsertesting.CrossBrowserDemo" name="VerifyTitle" time="5.687"/>
</testsuite> <!-- CrossBrowsertesting.CrossBrowserDemo -->
