<?xml version="1.0" encoding="UTF-8"?>
<!-- Generated by org.testng.reporters.JUnitReportReporter -->
<testsuite hostname="XTRACAP-82" failures="0" tests="1" name="Tngg.AssertDemo" time="11.945" errors="0" timestamp="2024-08-13T22:38:18 IST" skipped="0">
  <testcase classname="Tngg.AssertDemo" name="testMehod" time="11.945">
    <system-out>
      <![CDATA[browser launched
link open]]>
    </system-out>
  </testcase> <!-- testMehod -->
  <system-out>
    <![CDATA[browser launched
link open]]>
  </system-out>
</testsuite> <!-- Tngg.AssertDemo -->
