<?xml version="1.0" encoding="UTF-8"?>
<!-- Generated by org.testng.reporters.JUnitReportReporter -->
<testsuite hostname="XTRACAP-82" failures="0" tests="2" name="paack1.Orange" time="73.777" errors="0" timestamp="2024-05-04T17:54:33 IST" skipped="0">
  <testcase classname="paack1.Orange" name="Login_with_correct_id_password" time="36.366"/>
  <testcase classname="paack1.Orange" name="Login_with_incorrect_id_password" time="37.411"/>
</testsuite> <!-- paack1.Orange -->
