<?xml version="1.0" encoding="UTF-8"?>
<!-- Generated by org.testng.reporters.JUnitReportReporter -->
<testsuite hostname="XTRACAP-82" failures="0" tests="2" name="Batch_Testing.PaymentTest" time="0.011" errors="0" timestamp="2024-07-20T11:07:22 IST" skipped="0">
  <testcase classname="Batch_Testing.PaymentTest" name="CashOnDelivery" time="0.008"/>
  <testcase classname="Batch_Testing.PaymentTest" name="NetBanking" time="0.003"/>
</testsuite> <!-- Batch_Testing.PaymentTest -->
