<?xml version="1.0" encoding="UTF-8"?>
<!-- Generated by org.testng.reporters.JUnitReportReporter -->
<testsuite hostname="XTRACAP-82" failures="0" tests="3" name="Tngg.tng2" time="0.009" errors="0" timestamp="2024-07-10T00:05:37 IST" skipped="1">
  <testcase classname="Tngg.tng2" name="testcase1" time="0.008"/>
  <testcase classname="Tngg.tng2" name="testcase3" time="0.001"/>
  <testcase classname="Tngg.tng2" name="testcase2">
    <skipped/>
  </testcase> <!-- testcase2 -->
</testsuite> <!-- Tngg.tng2 -->
