<?xml version="1.0" encoding="UTF-8"?>
<!-- Generated by org.testng.reporters.JUnitReportReporter -->
<testsuite hostname="XTRACAP-82" failures="0" tests="2" name="Tngg.TNG_parameter3" time="7.830" errors="0" timestamp="2024-07-10T23:20:54 IST" skipped="0">
  <testcase classname="Tngg.TNG_parameter3" name="googlesearch" time="2.743"/>
  <testcase classname="Tngg.TNG_parameter3" name="googlesearch" time="5.087"/>
</testsuite> <!-- Tngg.TNG_parameter3 -->
