<?xml version="1.0" encoding="UTF-8"?>
<!-- Generated by org.testng.reporters.JUnitReportReporter -->
<testsuite hostname="XTRACAP-82" failures="0" tests="1" name="Tngg.tng1" time="9.124" errors="0" timestamp="2024-07-09T23:22:19 IST" skipped="0">
  <testcase classname="Tngg.tng1" name="getGoogleTitle" time="9.124"/>
</testsuite> <!-- Tngg.tng1 -->
