<?xml version="1.0" encoding="UTF-8"?>
<!-- Generated by org.testng.reporters.JUnitReportReporter -->
<testsuite hostname="XTRACAP-82" failures="0" tests="2" name="Tngg.rgh" time="14.690" errors="0" timestamp="2024-07-20T14:35:17 IST" skipped="0">
  <testcase classname="Tngg.rgh" name="testGoogleTitle" time="6.067"/>
  <testcase classname="Tngg.rgh" name="testGoogleTitle" time="8.623"/>
</testsuite> <!-- Tngg.rgh -->
